<?xml version="1.0" encoding="UTF-8"?>
<!-- Generated by org.testng.reporters.JUnitReportReporter -->
<testsuite hostname="DESKTOP-7KVO2NO" failures="0" tests="1" name="jenkinpractice.jenkinTest" time="0.016" errors="0" timestamp="2021-03-29T17:58:07 GMT-12:00" skipped="0">
  <testcase classname="jenkinpractice.jenkinTest" name="jenkinpractice" time="0.016"/>
  <system-out/>
</testsuite> <!-- jenkinpractice.jenkinTest -->
